\BOOKMARK [0][-]{part.1}{\376\377\000P\000a\000r\000t\000\040\0001\000.\000\040\000H\000i\000l\000b\000e\000r\000t\000\040\000S\000p\000a\000c\000e}{}% 1
\BOOKMARK [1][-]{section.1}{\376\377\0001\000.\000\040\000I\000n\000n\000e\000r\000\040\000P\000r\000o\000d\000u\000c\000t\000\040\000S\000p\000a\000c\000e\000,\000\040\000H\000i\000l\000b\000e\000r\000t\000\040\000S\000p\000a\000c\000e}{part.1}% 2
\BOOKMARK [2][-]{subsection.1.1}{\376\377\0001\000.\0001\000.\000\040\000M\000a\000y\000\040\0006\000,\000\040\000L\000e\000c\000t\000u\000r\000e\000\040\0001}{section.1}% 3
\BOOKMARK [2][-]{subsection.1.2}{\376\377\0001\000.\0002\000.\000\040\000M\000a\000y\000\040\0008\000,\000\040\000L\000e\000c\000t\000u\000r\000e\000\040\0002}{section.1}% 4
\BOOKMARK [1][-]{section.2}{\376\377\0002\000.\000\040\000S\000o\000m\000e\000\040\000H\000i\000l\000b\000e\000r\000t\000\040\000S\000p\000a\000c\000e\000\040\000G\000e\000o\000m\000e\000t\000r\000y\000:\000\040\000D\000i\000s\000t\000a\000n\000c\000e\000\040\000t\000o\000\040\000a\000\040\000c\000l\000o\000s\000e\000d\000\040\000c\000o\000n\000v\000e\000x\000\040\000s\000e\000t}{part.1}% 5
\BOOKMARK [2][-]{subsection.2.1}{\376\377\0002\000.\0001\000.\000\040\000M\000a\000y\000\040\0001\0000\000,\000\040\000L\000e\000c\000t\000u\000r\000e\000\040\0003}{section.2}% 6
\BOOKMARK [2][-]{subsection.2.2}{\376\377\0002\000.\0002\000.\000\040\000M\000a\000y\000\040\0001\0003\000,\000\040\000L\000e\000c\000t\000u\000r\000e\000\040\0004}{section.2}% 7
\BOOKMARK [1][-]{section.3}{\376\377\0003\000.\000\040\000O\000r\000t\000h\000o\000g\000o\000n\000a\000l\000\040\000P\000r\000o\000j\000e\000c\000t\000i\000o\000n\000\040\000o\000n\000t\000o\000\040\000a\000\040\000C\000l\000o\000s\000e\000d\000\040\000L\000i\000n\000e\000a\000r\000\040\000S\000u\000b\000s\000p\000a\000c\000e}{part.1}% 8
\BOOKMARK [2][-]{subsection.3.1}{\376\377\0003\000.\0001\000.\000\040\000M\000a\000y\000\040\0001\0005\000,\000\040\000L\000e\000c\000t\000u\000r\000e\000\040\0005}{section.3}% 9
\BOOKMARK [2][-]{subsection.3.2}{\376\377\0003\000.\0002\000.\000\040\000M\000a\000y\000\040\0001\0007\000,\000\040\000L\000e\000c\000t\000u\000r\000e\000\040\0006}{section.3}% 10
\BOOKMARK [2][-]{subsection.3.3}{\376\377\0003\000.\0003\000.\000\040\000M\000a\000y\000\040\0002\0001\000,\000\040\000L\000e\000c\000t\000u\000r\000e\000\040\0007}{section.3}% 11
\BOOKMARK [1][-]{section.4}{\376\377\0004\000.\000\040\000O\000r\000t\000h\000o\000n\000o\000r\000m\000a\000l\000\040\000B\000a\000s\000i\000s\000:\000\040\000F\000o\000r\000\040\000a\000\040\000s\000e\000p\000e\000r\000a\000b\000l\000e\000,\000\040\000i\000n\000f\000i\000n\000i\000t\000e\000\040\000d\000i\000m\000e\000n\000s\000i\000o\000n\000a\000l\000\040\000H\000i\000l\000b\000e\000r\000t\000\040\000s\000p\000a\000c\000e}{part.1}% 12
\BOOKMARK [2][-]{subsection.4.1}{\376\377\0004\000.\0001\000.\000\040\000M\000a\000y\000\040\0002\0002\000,\000\040\000L\000e\000c\000t\000u\000r\000e\000\040\0008}{section.4}% 13
\BOOKMARK [2][-]{subsection.4.2}{\376\377\0004\000.\0002\000.\000\040\000M\000a\000y\000\040\0002\0004\000,\000\040\000L\000e\000c\000t\000u\000r\000e\000\040\0009}{section.4}% 14
\BOOKMARK [2][-]{subsection.4.3}{\376\377\0004\000.\0003\000.\000\040\000M\000a\000y\000\040\0002\0007\000,\000\040\000L\000e\000c\000t\000u\000r\000e\000\040\0001\0000}{section.4}% 15
\BOOKMARK [1][-]{section.5}{\376\377\0005\000.\000\040\000C\000o\000e\000f\000f\000i\000c\000i\000e\000n\000t\000s\000\040\000w\000i\000t\000h\000\040\000r\000e\000s\000p\000e\000c\000t\000\040\000t\000o\000\040\000a\000n\000\040\000O\000r\000t\000h\000o\000n\000o\000r\000m\000a\000l\000\040\000B\000a\000s\000i\000s}{part.1}% 16
\BOOKMARK [2][-]{subsection.5.1}{\376\377\0005\000.\0001\000.\000\040\000M\000a\000y\000\040\0003\0000\000,\000\040\000L\000e\000c\000t\000u\000r\000e\000\040\0001\0001}{section.5}% 17
\BOOKMARK [2][-]{subsection.5.2}{\376\377\0005\000.\0002\000.\000\040\000J\000u\000n\000e\000\040\0001\000,\000\040\000L\000e\000c\000t\000u\000r\000e\000\040\0001\0002}{section.5}% 18
\BOOKMARK [0][-]{part.2}{\376\377\000P\000a\000r\000t\000\040\0002\000.\000\040\000T\000h\000e\000\040\000L\000e\000b\000e\000s\000g\000u\000e\000\040\000M\000e\000a\000s\000u\000r\000e}{}% 19
\BOOKMARK [1][-]{section*.26}{\376\377\000R\000e\000f\000e\000r\000e\000n\000c\000e\000s}{part.2}% 20
